-------------------------------------------------------------------------------
Test set: Login feature
-------------------------------------------------------------------------------
Tests run: 3, Failures: 0, Errors: 3, Skipped: 0, Time elapsed: 0.318 s <<< FAILURE! - in Login feature
Librarian login scenario(Login feature)  Time elapsed: 0.249 s  <<< ERROR!
io.cucumber.junit.UndefinedStepException: 
The step 'User is on the login page' and 2 other step(s) are undefined.
You can implement these steps using the snippet(s) below:

@Given("User is on the login page")
public void user_is_on_the_login_page() {
    // Write code here that turns the phrase above into concrete actions
    throw new io.cucumber.java.PendingException();
}
@When("User logs in as librarian")
public void user_logs_in_as_librarian() {
    // Write code here that turns the phrase above into concrete actions
    throw new io.cucumber.java.PendingException();
}
@Then("User should see dashboard")
public void user_should_see_dashboard() {
    // Write code here that turns the phrase above into concrete actions
    throw new io.cucumber.java.PendingException();
}


Student login scenario(Login feature)  Time elapsed: 0.046 s  <<< ERROR!
io.cucumber.junit.UndefinedStepException: 
The step 'User is on the login page' and 2 other step(s) are undefined.
You can implement these steps using the snippet(s) below:

@Given("User is on the login page")
public void user_is_on_the_login_page() {
    // Write code here that turns the phrase above into concrete actions
    throw new io.cucumber.java.PendingException();
}
@When("User logs in as student")
public void user_logs_in_as_student() {
    // Write code here that turns the phrase above into concrete actions
    throw new io.cucumber.java.PendingException();
}
@Then("User should see dashboard")
public void user_should_see_dashboard() {
    // Write code here that turns the phrase above into concrete actions
    throw new io.cucumber.java.PendingException();
}


Admin login scenario(Login feature)  Time elapsed: 0.021 s  <<< ERROR!
io.cucumber.junit.UndefinedStepException: 
The step 'User is on the login page' and 2 other step(s) are undefined.
You can implement these steps using the snippet(s) below:

@Given("User is on the login page")
public void user_is_on_the_login_page() {
    // Write code here that turns the phrase above into concrete actions
    throw new io.cucumber.java.PendingException();
}
@When("User logs in as admin")
public void user_logs_in_as_admin() {
    // Write code here that turns the phrase above into concrete actions
    throw new io.cucumber.java.PendingException();
}
@Then("User should see dashboard")
public void user_should_see_dashboard() {
    // Write code here that turns the phrase above into concrete actions
    throw new io.cucumber.java.PendingException();
}


